2022-05-03 12:37:14.551 [main] INFO  classes.Main - work started
2022-05-03 12:37:14.574 [main] ERROR classes.Main - Exception: class classes.Cash cannot be cast to class java.lang.Comparable (classes.Cash is in unnamed module of loader 'app'; java.lang.Comparable is in module java.base of loader 'bootstrap')
2022-05-03 12:48:44.272 [main] INFO  classes.Main - work started
2022-05-03 12:48:59.078 [main] ERROR classes.Main - Exception: class classes.Cash cannot be cast to class java.lang.Comparable (classes.Cash is in unnamed module of loader 'app'; java.lang.Comparable is in module java.base of loader 'bootstrap')
2022-05-03 12:49:08.148 [main] INFO  classes.Main - work started
2022-05-03 12:50:38.296 [main] ERROR classes.Main - Exception: class classes.Cash cannot be cast to class java.lang.Comparable (classes.Cash is in unnamed module of loader 'app'; java.lang.Comparable is in module java.base of loader 'bootstrap')
2022-05-03 12:50:44.108 [main] INFO  classes.Main - work started
2022-05-03 12:50:44.116 [main] ERROR classes.Main - Exception: stream has already been operated upon or closed
2022-05-03 12:51:25.880 [main] INFO  classes.Main - work started
2022-05-03 12:53:47.504 [main] ERROR classes.Main - Exception: stream has already been operated upon or closed
2022-05-03 12:53:52.409 [main] INFO  classes.Main - work started
2022-05-03 12:53:52.448 [main] ERROR classes.Main - Exception: stream has already been operated upon or closed
2022-05-03 12:54:18.063 [main] INFO  classes.Main - work started
2022-05-03 12:54:18.069 [main] ERROR classes.Main - Exception: stream has already been operated upon or closed
2022-05-03 12:54:24.165 [main] INFO  classes.Main - work started
2022-05-03 12:54:40.875 [main] ERROR classes.Main - Exception: stream has already been operated upon or closed
2022-05-03 12:54:46.058 [main] INFO  classes.Main - work started
2022-05-03 12:55:48.987 [main] ERROR classes.Main - Exception: stream has already been operated upon or closed
2022-05-03 12:55:55.231 [main] INFO  classes.Main - work started
2022-05-03 12:55:55.243 [main] ERROR classes.Main - Exception: class classes.Cash cannot be cast to class java.lang.Comparable (classes.Cash is in unnamed module of loader 'app'; java.lang.Comparable is in module java.base of loader 'bootstrap')
2022-05-03 12:57:00.602 [main] INFO  classes.Main - work started
2022-05-03 12:57:00.621 [main] ERROR classes.Main - Exception: class classes.Cash cannot be cast to class java.lang.Comparable (classes.Cash is in unnamed module of loader 'app'; java.lang.Comparable is in module java.base of loader 'bootstrap')
2022-05-03 13:00:35.264 [main] INFO  classes.Main - work started
2022-05-03 13:00:35.281 [main] ERROR classes.Main - Exception: stream has already been operated upon or closed
2022-05-03 13:00:46.471 [main] INFO  classes.Main - work started
2022-05-03 13:00:54.429 [main] ERROR classes.Main - Exception: stream has already been operated upon or closed
2022-05-03 13:13:19.387 [main] INFO  classes.Main - work started
2022-05-03 13:13:19.402 [main] ERROR classes.Main - Exception: class classes.Cash cannot be cast to class java.lang.Double (classes.Cash is in unnamed module of loader 'app'; java.lang.Double is in module java.base of loader 'bootstrap')
2022-05-03 13:13:29.455 [main] INFO  classes.Main - work started
2022-05-03 13:14:11.298 [main] ERROR classes.Main - Exception: class classes.Cash cannot be cast to class java.lang.Double (classes.Cash is in unnamed module of loader 'app'; java.lang.Double is in module java.base of loader 'bootstrap')
2022-05-03 13:15:11.553 [main] INFO  classes.Main - work started
2022-05-03 13:15:11.570 [main] ERROR classes.Main - Exception: stream has already been operated upon or closed
2022-05-03 13:15:17.707 [main] INFO  classes.Main - work started
2022-05-03 13:18:54.218 [main] ERROR classes.Main - Exception: stream has already been operated upon or closed
2022-05-03 13:18:59.742 [main] INFO  classes.Main - work started
2022-05-03 13:19:36.487 [main] ERROR classes.Main - Exception: stream has already been operated upon or closed
2022-05-03 13:20:03.423 [main] INFO  classes.Main - work started
2022-05-03 13:20:16.714 [main] ERROR classes.Main - Exception: stream has already been operated upon or closed
2022-05-03 13:20:34.707 [main] INFO  classes.Main - work started
2022-05-03 13:21:00.614 [main] ERROR classes.Main - Exception: stream has already been operated upon or closed
2022-05-03 13:21:33.794 [main] INFO  classes.Main - work started
2022-05-03 13:21:33.844 [main] INFO  classes.Main - Passenger{
 Name: Tom
 Surname: Watson
 pathToRide = 250.0
 cash type: Money
 cash amount = 45000.0
}
2022-05-03 13:21:33.844 [main] INFO  classes.Main - Driver{
 Name: Alex
 Surname: Griffin
 license start date : 2002-01-08
 license end date : 2020-01-08
}
2022-05-03 13:21:33.853 [main] INFO  classes.Main - Car{
 Mark : Mercedes
Category{
 Car type: Sport car
 Passenger capacity: 5
 Car type by comfort: VIP
 This car can be started by button
}
Engine{
 Model: someModel
 fuel type : Diesel
 fuel prize per liter = 30.5
}
Wheel {

 count of wheels : 4
 season for : Winter
 diameter = 59.0
}
 fuel amount =45.8001778787591
 tank volume = 39.394444366534415
 Category{
 Car type: Sport car
 Passenger capacity: 5
 Car type by comfort: VIP
 This car can be started by button
}
}
2022-05-03 13:23:15.470 [main] INFO  classes.Main - work started
2022-05-03 13:23:15.482 [main] INFO  classes.Main - Cash{

cash type: Money
cash amount = 45000.0
}
2022-05-03 13:23:15.483 [main] INFO  classes.Main - Cash{

cash type: Card
cash amount = 54000.0
}
2022-05-03 13:23:15.510 [main] INFO  classes.Main - Passenger{
 Name: Tom
 Surname: Watson
 pathToRide = 250.0
 cash type: Money
 cash amount = 45000.0
}
2022-05-03 13:23:15.510 [main] INFO  classes.Main - Driver{
 Name: Alex
 Surname: Griffin
 license start date : 2002-01-08
 license end date : 2020-01-08
}
2022-05-03 13:23:15.513 [main] INFO  classes.Main - Car{
 Mark : Mercedes
Category{
 Car type: Sport car
 Passenger capacity: 5
 Car type by comfort: VIP
 This car can be started by button
}
Engine{
 Model: someModel
 fuel type : Diesel
 fuel prize per liter = 30.5
}
Wheel {

 count of wheels : 4
 season for : Winter
 diameter = 68.0
}
 fuel amount =42.84849262061415
 tank volume = 47.4032205227003
 Category{
 Car type: Sport car
 Passenger capacity: 5
 Car type by comfort: VIP
 This car can be started by button
}
}
2022-05-03 13:26:12.871 [main] INFO  classes.Main - work started
2022-05-03 13:26:12.890 [main] INFO  classes.Main - Cash{

cash type: Money
cash amount = 45000.0
}
2022-05-03 13:26:12.891 [main] INFO  classes.Main - Cash{

cash type: Card
cash amount = 54000.0
}
2022-05-03 13:26:12.891 [main] INFO  classes.Main - Cash{

cash type: Card
cash amount = 54000.0
}
2022-05-03 13:26:12.922 [main] INFO  classes.Main - Passenger{
 Name: Tom
 Surname: Watson
 pathToRide = 250.0
 cash type: Money
 cash amount = 45000.0
}
2022-05-03 13:26:12.922 [main] INFO  classes.Main - Driver{
 Name: Alex
 Surname: Griffin
 license start date : 2002-01-08
 license end date : 2020-01-08
}
2022-05-03 13:26:12.926 [main] INFO  classes.Main - Car{
 Mark : Mercedes
Category{
 Car type: Sport car
 Passenger capacity: 5
 Car type by comfort: VIP
 This car can be started by button
}
Engine{
 Model: someModel
 fuel type : Diesel
 fuel prize per liter = 30.5
}
Wheel {

 count of wheels : 4
 season for : Winter
 diameter = 69.0
}
 fuel amount =47.75398418803239
 tank volume = 32.197884211780384
 Category{
 Car type: Sport car
 Passenger capacity: 5
 Car type by comfort: VIP
 This car can be started by button
}
}
